<?xml version="1.0" encoding="UTF-8"?>
<testng-results skipped="0" failed="0" total="1" passed="1">
  <reporter-output>
  </reporter-output>
  <suite name="Default suite" duration-ms="85585" started-at="2016-12-08T13:23:22Z" finished-at="2016-12-08T13:24:48Z">
    <groups>
    </groups>
    <test name="Default test" duration-ms="85585" started-at="2016-12-08T13:23:22Z" finished-at="2016-12-08T13:24:48Z">
      <class name="com.cerner.pctorion.platformTests.ORN_VR_PatientSearch">
        <test-method status="PASS" signature="setup()[pri:0, instance:com.cerner.pctorion.platformTests.ORN_VR_PatientSearch@544fe44c]" name="setup" is-config="true" duration-ms="5067" started-at="2016-12-08T18:53:22Z" finished-at="2016-12-08T18:53:27Z">
          <reporter-output>
          </reporter-output>
        </test-method> <!-- setup -->
        <test-method status="PASS" signature="VRPatientSearch()[pri:0, instance:com.cerner.pctorion.platformTests.ORN_VR_PatientSearch@544fe44c]" name="VRPatientSearch" duration-ms="79999" started-at="2016-12-08T18:53:27Z" finished-at="2016-12-08T18:54:47Z">
          <reporter-output>
          </reporter-output>
        </test-method> <!-- VRPatientSearch -->
        <test-method status="PASS" signature="tearDown()[pri:0, instance:com.cerner.pctorion.platformTests.ORN_VR_PatientSearch@544fe44c]" name="tearDown" is-config="true" duration-ms="508" started-at="2016-12-08T18:54:47Z" finished-at="2016-12-08T18:54:48Z">
          <reporter-output>
          </reporter-output>
        </test-method> <!-- tearDown -->
      </class> <!-- com.cerner.pctorion.platformTests.ORN_VR_PatientSearch -->
    </test> <!-- Default test -->
  </suite> <!-- Default suite -->
</testng-results>
